TN:
SF:src/core/customer/domain/entity/customer-fake.builder.ts
FN:14,aCustomer
FN:18,aCustomers
FN:22,CustomerFakeBuilder
FN:8,CustomerFakeBuilder._name
FN:9,CustomerFakeBuilder._address
FN:10,CustomerFakeBuilder._is_active
FN:27,withCustomerId
FN:32,withName
FN:37,withInvalidNameTooLong
FN:42,withAddress
FN:47,activate
FN:52,deactivate
FN:57,get customer_id
FN:61,get name
FN:65,get address
FN:69,get isActive
FN:73,getValue
FN:84,callFactory
FN:90,build
FNF:19
FNH:19
FNDA:5,aCustomer
FNDA:4,aCustomers
FNDA:9,CustomerFakeBuilder
FNDA:15,CustomerFakeBuilder._name
FNDA:15,CustomerFakeBuilder._address
FNDA:18,CustomerFakeBuilder._is_active
FNDA:6,withCustomerId
FNDA:6,withName
FNDA:2,withInvalidNameTooLong
FNDA:6,withAddress
FNDA:1,activate
FNDA:3,deactivate
FNDA:2,get customer_id
FNDA:1,get name
FNDA:1,get address
FNDA:2,get isActive
FNDA:6,getValue
FNDA:78,callFactory
FNDA:14,build
DA:1,1
DA:2,1
DA:3,1
DA:4,1
DA:5,1
DA:6,1
DA:7,1
DA:8,1
DA:9,1
DA:10,1
DA:11,1
DA:12,1
DA:13,1
DA:14,1
DA:15,5
DA:16,5
DA:17,1
DA:18,1
DA:19,4
DA:20,4
DA:21,1
DA:22,1
DA:23,9
DA:24,9
DA:25,9
DA:26,1
DA:27,1
DA:28,6
DA:29,6
DA:30,6
DA:31,1
DA:32,1
DA:33,6
DA:34,6
DA:35,6
DA:36,1
DA:37,1
DA:38,2
DA:39,2
DA:40,2
DA:41,1
DA:42,1
DA:43,6
DA:44,6
DA:45,6
DA:46,1
DA:47,1
DA:48,1
DA:49,1
DA:50,1
DA:51,1
DA:52,1
DA:53,3
DA:54,3
DA:55,3
DA:56,1
DA:57,1
DA:58,2
DA:59,2
DA:60,1
DA:61,1
DA:62,1
DA:63,1
DA:64,1
DA:65,1
DA:66,1
DA:67,1
DA:68,1
DA:69,1
DA:70,2
DA:71,2
DA:72,1
DA:73,1
DA:74,6
DA:75,6
DA:76,6
DA:77,1
DA:78,1
DA:79,1
DA:80,1
DA:81,5
DA:82,5
DA:83,1
DA:84,1
DA:85,78
DA:86,78
DA:87,78
DA:88,78
DA:89,1
DA:90,1
DA:91,14
DA:92,14
DA:93,14
DA:94,21
DA:95,21
DA:96,21
DA:97,21
DA:98,21
DA:99,21
DA:100,21
DA:101,21
DA:102,14
DA:103,14
DA:104,14
DA:105,1
LF:105
LH:105
BRDA:14,0,0,5
BRDA:18,1,0,4
BRDA:22,2,0,9
BRDA:8,3,0,15
BRDA:9,4,0,15
BRDA:10,5,0,18
BRDA:27,6,0,6
BRDA:32,7,0,6
BRDA:37,8,0,2
BRDA:38,9,0,1
BRDA:42,10,0,6
BRDA:47,11,0,1
BRDA:52,12,0,3
BRDA:57,13,0,2
BRDA:61,14,0,1
BRDA:65,15,0,1
BRDA:69,16,0,2
BRDA:73,17,0,6
BRDA:76,18,0,2
BRDA:76,19,0,1
BRDA:81,20,0,5
BRDA:84,21,0,78
BRDA:86,22,0,64
BRDA:87,23,0,14
BRDA:90,24,0,14
BRDA:103,25,0,7
BRDA:103,26,0,7
BRDA:93,27,0,21
BRDA:96,28,0,11
BRDA:97,29,0,10
BRF:30
BRH:30
end_of_record
TN:
SF:src/core/customer/domain/entity/customer.aggregate.ts
FN:18,CustomerId
FN:27,CustomerAggregate
FN:36,create
FN:45,validate
FN:50,getName
FN:54,getAddress
FN:58,isActive
FN:62,changeName
FN:66,changeAddress
FN:70,activate
FN:74,deactivate
FN:78,fake
FN:82,toJSON
FNF:13
FNH:13
FNDA:16,CustomerId
FNDA:21,CustomerAggregate
FNDA:4,create
FNDA:21,validate
FNDA:9,getName
FNDA:9,getAddress
FNDA:6,isActive
FNDA:1,changeName
FNDA:1,changeAddress
FNDA:1,activate
FNDA:1,deactivate
FNDA:1,fake
FNDA:1,toJSON
DA:1,1
DA:2,1
DA:3,1
DA:4,1
DA:5,1
DA:6,1
DA:7,1
DA:8,1
DA:9,1
DA:10,1
DA:11,1
DA:12,1
DA:13,1
DA:14,1
DA:15,1
DA:16,1
DA:17,1
DA:18,1
DA:19,1
DA:20,1
DA:21,1
DA:22,1
DA:23,1
DA:24,1
DA:25,1
DA:26,1
DA:27,1
DA:28,21
DA:29,21
DA:30,21
DA:31,21
DA:32,21
DA:33,21
DA:34,21
DA:35,1
DA:36,1
DA:37,4
DA:38,4
DA:39,4
DA:40,4
DA:41,4
DA:42,4
DA:43,4
DA:44,1
DA:45,1
DA:46,21
DA:47,21
DA:48,21
DA:49,1
DA:50,1
DA:51,9
DA:52,9
DA:53,1
DA:54,1
DA:55,9
DA:56,9
DA:57,1
DA:58,1
DA:59,6
DA:60,6
DA:61,1
DA:62,1
DA:63,1
DA:64,1
DA:65,1
DA:66,1
DA:67,1
DA:68,1
DA:69,1
DA:70,1
DA:71,1
DA:72,1
DA:73,1
DA:74,1
DA:75,1
DA:76,1
DA:77,1
DA:78,1
DA:79,1
DA:80,1
DA:81,1
DA:82,1
DA:83,1
DA:84,1
DA:85,1
DA:86,1
DA:87,1
DA:88,1
DA:89,1
DA:90,1
LF:90
LH:90
BRDA:18,0,0,16
BRDA:27,1,0,21
BRDA:36,2,0,4
BRDA:45,3,0,21
BRDA:50,4,0,9
BRDA:54,5,0,9
BRDA:58,6,0,6
BRDA:62,7,0,1
BRDA:66,8,0,1
BRDA:70,9,0,1
BRDA:74,10,0,1
BRDA:78,11,0,1
BRDA:82,12,0,1
BRF:13
BRH:13
end_of_record
TN:
SF:src/core/customer/domain/validator/customer-validator.factory.ts
FN:4,create
FNF:1
FNH:1
FNDA:21,create
DA:1,1
DA:2,1
DA:3,1
DA:4,1
DA:5,21
DA:6,21
DA:7,1
LF:7
LH:7
BRDA:4,0,0,21
BRF:1
BRH:1
end_of_record
TN:
SF:src/core/customer/domain/validator/customer-validator.ts
FN:10,CustomerRules
FN:16,validate
FNF:2
FNH:2
FNDA:21,CustomerRules
FNDA:21,validate
DA:1,1
DA:2,1
DA:3,1
DA:4,1
DA:5,1
DA:6,1
DA:7,1
DA:8,1
DA:9,1
DA:10,1
DA:11,21
DA:12,21
DA:13,1
DA:14,1
DA:15,1
DA:16,1
DA:17,21
DA:18,21
DA:19,1
LF:19
LH:19
BRDA:10,0,0,21
BRDA:16,1,0,21
BRF:2
BRH:2
end_of_record
TN:
SF:src/core/shared/domain/entity/entity.ts
FN:3,Entity
FNF:1
FNH:1
FNDA:21,Entity
DA:1,1
DA:2,1
DA:3,21
DA:4,21
DA:5,21
LF:5
LH:5
BRDA:3,0,0,21
BRF:1
BRH:1
end_of_record
TN:
SF:src/core/shared/domain/validator/notification.ts
FN:1,Notification
FN:4,addError
FN:14,setError
FN:28,hasErrors
FN:32,copyErrors
FN:38,toJSON
FNF:6
FNH:6
FNDA:21,Notification
FNDA:3,addError
FNDA:3,setError
FNDA:5,hasErrors
FNDA:1,copyErrors
FNDA:5,toJSON
DA:1,21
DA:2,21
DA:3,21
DA:4,21
DA:5,3
DA:6,2
DA:7,2
DA:8,2
DA:9,3
DA:10,1
DA:11,1
DA:12,3
DA:13,21
DA:14,21
DA:15,3
DA:16,2
DA:17,3
DA:18,1
DA:19,0
DA:20,0
DA:21,0
DA:22,0
DA:23,0
DA:24,1
DA:25,1
DA:26,3
DA:27,21
DA:28,21
DA:29,5
DA:30,5
DA:31,21
DA:32,21
DA:33,1
DA:34,1
DA:35,1
DA:36,1
DA:37,21
DA:38,21
DA:39,5
DA:40,5
DA:41,5
DA:42,2
DA:43,5
DA:44,3
DA:45,3
DA:46,5
DA:47,5
DA:48,5
DA:49,21
LF:49
LH:44
BRDA:1,0,0,21
BRDA:4,1,0,3
BRDA:5,2,0,2
BRDA:9,3,0,1
BRDA:14,4,0,3
BRDA:15,5,0,2
BRDA:16,6,0,1
BRDA:16,7,0,1
BRDA:17,8,0,1
BRDA:18,9,0,0
BRDA:28,10,0,5
BRDA:32,11,0,1
BRDA:33,12,0,1
BRDA:38,13,0,5
BRDA:40,14,0,5
BRDA:41,15,0,2
BRDA:43,16,0,3
BRF:17
BRH:16
end_of_record
